<?xml version="1.0" encoding="UTF-8" standalone="no"?>
<!DOCTYPE log SYSTEM "logger.dtd">
<log>
<record>
  <date>2023-02-13T15:17:23.172127Z</date>
  <millis>1676301443172</millis>
  <nanos>127000</nanos>
  <sequence>0</sequence>
  <logger>program_4</logger>
  <level>INFO</level>
  <class>program_4</class>
  <method>main</method>
  <thread>1</thread>
  <message>[6, 4, 8, 5, 9]</message>
</record>
<record>
  <date>2023-02-13T15:17:23.330387Z</date>
  <millis>1676301443330</millis>
  <nanos>387000</nanos>
  <sequence>1</sequence>
  <logger>program_4</logger>
  <level>INFO</level>
  <class>program_4</class>
  <method>main</method>
  <thread>1</thread>
  <message>[4, 6, 5, 8, 9]</message>
</record>
<record>
  <date>2023-02-13T15:17:23.336780Z</date>
  <millis>1676301443336</millis>
  <nanos>780000</nanos>
  <sequence>2</sequence>
  <logger>program_4</logger>
  <level>INFO</level>
  <class>program_4</class>
  <method>main</method>
  <thread>1</thread>
  <message>[4, 5, 6, 8, 9]</message>
</record>
<record>
  <date>2023-02-13T15:17:23.345740Z</date>
  <millis>1676301443345</millis>
  <nanos>740000</nanos>
  <sequence>3</sequence>
  <logger>program_4</logger>
  <level>INFO</level>
  <class>program_4</class>
  <method>main</method>
  <thread>1</thread>
  <message>[4, 5, 6, 8, 9]</message>
</record>
</log>
